\BOOKMARK [0][]{chapter.1}{1 Einleitung}{}% 1
\BOOKMARK [1][]{section.1.1}{1.1 InformatiCup}{chapter.1}% 2
\BOOKMARK [1][]{section.1.2}{1.2 Aufgabenstellung}{chapter.1}% 3
\BOOKMARK [1][]{section.1.3}{1.3 Motivation}{chapter.1}% 4
\BOOKMARK [0][]{chapter.2}{2 Theoretische Grundlagen}{}% 5
\BOOKMARK [1][]{section.2.1}{2.1 Fixed-Path-Gas-Station Problem}{chapter.2}% 6
\BOOKMARK [1][]{section.2.2}{2.2 Zeitreihenanalyse}{chapter.2}% 7
\BOOKMARK [1][]{section.2.3}{2.3 Regression in Machine Learning}{chapter.2}% 8
\BOOKMARK [0][]{chapter.3}{3 Implementierungsdetails}{}% 9
\BOOKMARK [1][]{section.3.1}{3.1 Backend}{chapter.3}% 10
\BOOKMARK [2][]{subsection.3.1.1}{3.1.1 Architektur}{section.3.1}% 11
\BOOKMARK [2][]{subsection.3.1.2}{3.1.2 Persistenz}{section.3.1}% 12
\BOOKMARK [2][]{subsection.3.1.3}{3.1.3 Tests}{section.3.1}% 13
\BOOKMARK [1][]{section.3.2}{3.2 Frontend}{chapter.3}% 14
\BOOKMARK [2][]{subsection.3.2.1}{3.2.1 Design}{section.3.2}% 15
\BOOKMARK [2][]{subsection.3.2.2}{3.2.2 Implementierung}{section.3.2}% 16
\BOOKMARK [2][]{subsection.3.2.3}{3.2.3 Tests}{section.3.2}% 17
\BOOKMARK [2][]{subsection.3.2.4}{3.2.4 Einschr\344nkungen}{section.3.2}% 18
\BOOKMARK [1][]{section.3.3}{3.3 Datenverarbeitung / Preisvorhersage}{chapter.3}% 19
\BOOKMARK [2][]{subsection.3.3.1}{3.3.1 Feature Engineering}{section.3.3}% 20
\BOOKMARK [2][]{subsection.3.3.2}{3.3.2 Modellauswahl}{section.3.3}% 21
\BOOKMARK [2][]{subsection.3.3.3}{3.3.3 Training}{section.3.3}% 22
\BOOKMARK [1][]{section.3.4}{3.4 CLI}{chapter.3}% 23
\BOOKMARK [0][]{chapter.4}{4 Besonderheiten / Vorteile bei bestimmten Routen / Preisvorhersagen}{}% 24
\BOOKMARK [1][]{section.4.1}{4.1 Fehlerf\344lle}{chapter.4}% 25
\BOOKMARK [2][]{subsection.4.1.1}{4.1.1 Nicht existierende Tankstellen}{section.4.1}% 26
\BOOKMARK [2][]{subsection.4.1.2}{4.1.2 Leere Tankstrategie}{section.4.1}% 27
\BOOKMARK [2][]{subsection.4.1.3}{4.1.3 Negative Tankkapazit\344t}{section.4.1}% 28
\BOOKMARK [2][]{subsection.4.1.4}{4.1.4 Tankstops sind nicht in zeitlicher Reihenfolge}{section.4.1}% 29
\BOOKMARK [2][]{subsection.4.1.5}{4.1.5 Routen mit Tankstellen ohne Preisinformationen}{section.4.1}% 30
\BOOKMARK [2][]{subsection.4.1.6}{4.1.6 Daten nach angefragtem Zeitpunkt verf\374gbar}{section.4.1}% 31
\BOOKMARK [2][]{subsection.4.1.7}{4.1.7 Daten bis kurz vor angefragtem Zeitpunkt verf\374gbar}{section.4.1}% 32
\BOOKMARK [2][]{subsection.4.1.8}{4.1.8 Routen Stops nicht erreichbar mit vollem Tank}{section.4.1}% 33
\BOOKMARK [1][]{section.4.2}{4.2 Evaluation}{chapter.4}% 34
\BOOKMARK [0][]{chapter.5}{5 Ausblick}{}% 35
\BOOKMARK [0][]{appendix.A}{A Anleitungen}{}% 36
\BOOKMARK [1][]{section*.39}{Installationsanleitung}{appendix.A}% 37
\BOOKMARK [1][]{lstnumber.-4.1}{Bedienungsanleitung}{appendix.A}% 38
\BOOKMARK [2][]{subsection.A.0.1}{A.0.1 Routen-Berechnung}{lstnumber.-4.1}% 39
\BOOKMARK [2][]{subsection.A.0.2}{A.0.2 Preisvorhersage}{lstnumber.-4.1}% 40
